Using pre-set license
Built from '2020.3/staging' branch; Version is '2020.3.4f1 (0abb6314276a) revision 703331'; Using compiler version '192528614'; Build Type 'Release'
OS: 'Windows 10 Education; OS build 18363.1556; Version 1909; 64bit' Language: 'ko' Physical Memory: 8124 MB
BatchMode: 1, IsHumanControllingUs: 0, StartBugReporterOnCrash: 0, Is64bit: 1, IsPro: 0

 COMMAND LINE ARGUMENTS:
C:\Program Files\Unity\Hub\Editor\2020.3.4f1\Editor\Unity.exe
-adb2
-batchMode
-noUpm
-name
AssetImportWorker0
-projectPath
D:/Unity/SchoolVerse
-logFile
Logs/AssetImportWorker0.log
-srvPort
1427
Successfully changed project path to: D:/Unity/SchoolVerse
D:/Unity/SchoolVerse
Using Asset Import Pipeline V2.
Refreshing native plugins compatible for Editor in 28.31 ms, found 0 plugins.
Preloading 0 native plugins for Editor in 0.00 ms.
Initialize engine version: 2020.3.4f1 (0abb6314276a)
[Subsystems] Discovering subsystems at path C:/Program Files/Unity/Hub/Editor/2020.3.4f1/Editor/Data/Resources/UnitySubsystems
[Subsystems] Discovering subsystems at path D:/Unity/SchoolVerse/Assets
GfxDevice: creating device client; threaded=0
Direct3D:
    Version:  Direct3D 11.0 [level 11.0]
    Renderer: NVIDIA GeForce GT 730 (ID=0x1287)
    Vendor:   
    VRAM:     2007 MB
    Driver:   27.21.14.5671
Initialize mono
Mono path[0] = 'C:/Program Files/Unity/Hub/Editor/2020.3.4f1/Editor/Data/Managed'
Mono path[1] = 'C:/Program Files/Unity/Hub/Editor/2020.3.4f1/Editor/Data/MonoBleedingEdge/lib/mono/unityjit'
Mono config path = 'C:/Program Files/Unity/Hub/Editor/2020.3.4f1/Editor/Data/MonoBleedingEdge/etc'
Using monoOptions --debugger-agent=transport=dt_socket,embedding=1,server=y,suspend=n,address=127.0.0.1:56756
Begin MonoManager ReloadAssembly
Registering precompiled unity dll's ...
Register platform support module: C:/Program Files/Unity/Hub/Editor/2020.3.4f1/Editor/Data/PlaybackEngines/MacStandaloneSupport/UnityEditor.OSXStandalone.Extensions.dll
Register platform support module: C:/Program Files/Unity/Hub/Editor/2020.3.4f1/Editor/Data/PlaybackEngines/WindowsStandaloneSupport/UnityEditor.WindowsStandalone.Extensions.dll
Registered in 0.003727 seconds.
Native extension for WindowsStandalone target not found
Native extension for OSXStandalone target not found
Refreshing native plugins compatible for Editor in 25.48 ms, found 0 plugins.
Preloading 0 native plugins for Editor in 0.00 ms.
Mono: successfully reloaded assembly
- Completed reload, in  1.842 seconds
Platform modules already initialized, skipping
Registering precompiled user dll's ...
Registered in 0.003861 seconds.
Begin MonoManager ReloadAssembly
Native extension for WindowsStandalone target not found
Native extension for OSXStandalone target not found
Refreshing native plugins compatible for Editor in 0.23 ms, found 0 plugins.
Preloading 0 native plugins for Editor in 0.00 ms.
Mono: successfully reloaded assembly
- Completed reload, in  0.873 seconds
Platform modules already initialized, skipping
========================================================================
Worker process is ready to serve import requests
Launched and connected shader compiler UnityShaderCompiler.exe after 1.01 seconds
Refreshing native plugins compatible for Editor in 0.37 ms, found 0 plugins.
Preloading 0 native plugins for Editor in 0.00 ms.
Unloading 1337 Unused Serialized files (Serialized files now loaded: 0)
System memory in use before: 64.0 MB.
System memory in use after: 64.0 MB.

Unloading 16 unused Assets to reduce memory usage. Loaded Objects now: 1774.
Total: 2.583300 ms (FindLiveObjects: 0.332300 ms CreateObjectMapping: 0.118200 ms MarkObjects: 1.997700 ms  DeleteObjects: 0.133400 ms)

========================================================================
Received Import Request.
  path: Assets/Photon/PhotonUnityNetworking/Resources/PhotonServerSettings.asset
  artifactKey: Guid(91c0e5a7283ccbe4697fbd43d16e41db) Importer(815301076,1909f56bfc062723c751e8b465ee728b)
Start importing Assets/Photon/PhotonUnityNetworking/Resources/PhotonServerSettings.asset using Guid(91c0e5a7283ccbe4697fbd43d16e41db) Importer(815301076,1909f56bfc062723c751e8b465ee728b)  -> (artifact id: '34370f06dd2624543ee71a69847bdcec') in 2.061460 seconds
  Import took 2.064964 seconds .

========================================================================
Received Import Request.
  Time since last request: 34.998301 seconds.
  path: Assets/Scenes/SampleScene.unity
  artifactKey: Guid(9fc0d4010bbf28b4594072e72b8655ab) Importer(815301076,1909f56bfc062723c751e8b465ee728b)
Start importing Assets/Scenes/SampleScene.unity using Guid(9fc0d4010bbf28b4594072e72b8655ab) Importer(815301076,1909f56bfc062723c751e8b465ee728b)  -> (artifact id: 'a0dd8c018c451bceae1e1302a1531463') in 0.003056 seconds
  Import took 0.005125 seconds .

========================================================================
Received Import Request.
  Time since last request: 11.325872 seconds.
  path: Assets/Scenes/SignIn.unity
  artifactKey: Guid(9fc0d4010bbf28b4594072e72b8655ab) Importer(815301076,1909f56bfc062723c751e8b465ee728b)
Start importing Assets/Scenes/SignIn.unity using Guid(9fc0d4010bbf28b4594072e72b8655ab) Importer(815301076,1909f56bfc062723c751e8b465ee728b)  -> (artifact id: '957092222eef9cc08ed864f80af72afd') in 0.003401 seconds
  Import took 0.005567 seconds .

========================================================================
Received Import Request.
  Time since last request: 5.609342 seconds.
  path: Assets
  artifactKey: Guid(00000000000000001000000000000000) Importer(815301076,1909f56bfc062723c751e8b465ee728b)
Start importing Assets using Guid(00000000000000001000000000000000) Importer(815301076,1909f56bfc062723c751e8b465ee728b)  -> (artifact id: '025e4f587c23674256bb898581e82961') in 0.003366 seconds
  Import took 0.005728 seconds .

========================================================================
Received Import Request.
  Time since last request: 8.118624 seconds.
  path: Assets/Resources
  artifactKey: Guid(9225bacc701cb23478af1325b1827c5d) Importer(815301076,1909f56bfc062723c751e8b465ee728b)
Start importing Assets/Resources using Guid(9225bacc701cb23478af1325b1827c5d) Importer(815301076,1909f56bfc062723c751e8b465ee728b)  -> (artifact id: '5a596492c3206fd8525eddda42925ab2') in 0.006079 seconds
  Import took 0.008732 seconds .

========================================================================
Received Import Request.
  Time since last request: 16.366031 seconds.
  path: Assets/Scripts
  artifactKey: Guid(051215a5869ab9a459e96c925f6f9301) Importer(815301076,1909f56bfc062723c751e8b465ee728b)
Start importing Assets/Scripts using Guid(051215a5869ab9a459e96c925f6f9301) Importer(815301076,1909f56bfc062723c751e8b465ee728b)  -> (artifact id: 'de68c9c901cd3cfde156b42a7011f64b') in 0.004352 seconds
  Import took 0.006848 seconds .

========================================================================
Received Import Request.
  Time since last request: 158.455011 seconds.
  path: Assets/SampleScenes
  artifactKey: Guid(3d8829ac873af27488b1412b8db301ab) Importer(815301076,1909f56bfc062723c751e8b465ee728b)
Start importing Assets/SampleScenes using Guid(3d8829ac873af27488b1412b8db301ab) Importer(815301076,1909f56bfc062723c751e8b465ee728b)  -> (artifact id: '4e18b9c63153cb8f60bb6f3cc1ed4630') in 0.004794 seconds
  Import took 0.018887 seconds .

========================================================================
Received Prepare
Registering precompiled user dll's ...
Registered in 0.024523 seconds.
Begin MonoManager ReloadAssembly
Native extension for WindowsStandalone target not found
Native extension for OSXStandalone target not found
Refreshing native plugins compatible for Editor in 1.10 ms, found 0 plugins.
Preloading 0 native plugins for Editor in 0.00 ms.
[ScriptCompilation] NOT recompiling all scripts because this is an import worker process. Reason to compile was: Define symbols changed
Mono: successfully reloaded assembly
- Completed reload, in  1.092 seconds
Platform modules already initialized, skipping
Refreshing native plugins compatible for Editor in 0.34 ms, found 0 plugins.
Preloading 0 native plugins for Editor in 0.00 ms.
Unloading 1463 Unused Serialized files (Serialized files now loaded: 0)
System memory in use before: 75.7 MB.
System memory in use after: 71.4 MB.

Unloading 31 unused Assets to reduce memory usage. Loaded Objects now: 1894.
Total: 4.085300 ms (FindLiveObjects: 0.156100 ms CreateObjectMapping: 0.040700 ms MarkObjects: 1.647600 ms  DeleteObjects: 2.240000 ms)

========================================================================
Received Import Request.
  Time since last request: 3993.842082 seconds.
  path: Assets/Scenes
  artifactKey: Guid(e130ba2dffe93f4419e7fffaf194c1da) Importer(815301076,1909f56bfc062723c751e8b465ee728b)
Start importing Assets/Scenes using Guid(e130ba2dffe93f4419e7fffaf194c1da) Importer(815301076,1909f56bfc062723c751e8b465ee728b)  -> (artifact id: '5ca41b9ab428b67b404caa33919e118d') in 0.009518 seconds
  Import took 0.012617 seconds .

========================================================================
Received Import Request.
  Time since last request: 0.001120 seconds.
  path: Assets/Scenes
  artifactKey: Guid(e130ba2dffe93f4419e7fffaf194c1da) Importer(815301076,1909f56bfc062723c751e8b465ee728b)
Start importing Assets/Scenes using Guid(e130ba2dffe93f4419e7fffaf194c1da) Importer(815301076,1909f56bfc062723c751e8b465ee728b)  -> (artifact id: '5ca41b9ab428b67b404caa33919e118d') in 0.004808 seconds
  Import took 0.007743 seconds .

========================================================================
Received Import Request.
  Time since last request: 10.312015 seconds.
  path: Assets/Scenes/Main.unity
  artifactKey: Guid(26686693ffff21042a6366383065ff3d) Importer(815301076,1909f56bfc062723c751e8b465ee728b)
Start importing Assets/Scenes/Main.unity using Guid(26686693ffff21042a6366383065ff3d) Importer(815301076,1909f56bfc062723c751e8b465ee728b)  -> (artifact id: 'fea3d2e564a7596be843e30447630722') in 0.018783 seconds
  Import took 0.022080 seconds .

========================================================================
Received Import Request.
  Time since last request: 170.696905 seconds.
  path: Assets/SampleScenes/Scenes
  artifactKey: Guid(26c0bbb8e6792b546bf28bbe08d7c96d) Importer(815301076,1909f56bfc062723c751e8b465ee728b)
Start importing Assets/SampleScenes/Scenes using Guid(26c0bbb8e6792b546bf28bbe08d7c96d) Importer(815301076,1909f56bfc062723c751e8b465ee728b)  -> (artifact id: '55ca2ed640615ab620ebe67d690e65cd') in 0.003604 seconds
  Import took 0.006723 seconds .

========================================================================
Received Import Request.
  Time since last request: 1.524611 seconds.
  path: Assets/SampleScenes/Scenes/2dCharacter.unity
  artifactKey: Guid(e64703861e6c7d748bab0c2dee48b08d) Importer(815301076,1909f56bfc062723c751e8b465ee728b)
Start importing Assets/SampleScenes/Scenes/2dCharacter.unity using Guid(e64703861e6c7d748bab0c2dee48b08d) Importer(815301076,1909f56bfc062723c751e8b465ee728b)  -> (artifact id: '35a4df6a0f851c1a9be0209d15b541a1') in 0.005755 seconds
  Import took 0.008051 seconds .

========================================================================
Received Import Request.
  Time since last request: 0.755419 seconds.
  path: Assets/SampleScenes/Scenes/AircraftPropeller4Axis.unity
  artifactKey: Guid(5bda8cddff6467b49826e3ff2a374f49) Importer(815301076,1909f56bfc062723c751e8b465ee728b)
Start importing Assets/SampleScenes/Scenes/AircraftPropeller4Axis.unity using Guid(5bda8cddff6467b49826e3ff2a374f49) Importer(815301076,1909f56bfc062723c751e8b465ee728b)  -> (artifact id: 'ceb7390071d8e37fb3b4ea2aacae7fce') in 0.004738 seconds
  Import took 0.007271 seconds .

========================================================================
Received Import Request.
  Time since last request: 0.663570 seconds.
  path: Assets/SampleScenes/Scenes/CarAIWaypointBased.unity
  artifactKey: Guid(81ce53b350e0a3247ae838c0d57967ab) Importer(815301076,1909f56bfc062723c751e8b465ee728b)
Start importing Assets/SampleScenes/Scenes/CarAIWaypointBased.unity using Guid(81ce53b350e0a3247ae838c0d57967ab) Importer(815301076,1909f56bfc062723c751e8b465ee728b)  -> (artifact id: '729e69cdbd0d03b41fe9fd8334f6f2b8') in 0.004538 seconds
  Import took 0.016977 seconds .

========================================================================
Received Import Request.
  Time since last request: 2.679841 seconds.
  path: Assets/SampleScenes/Scenes/CharacterThirdPersonAI
  artifactKey: Guid(c3ed31e3b158a9e4994bd4c23c947afb) Importer(815301076,1909f56bfc062723c751e8b465ee728b)
Start importing Assets/SampleScenes/Scenes/CharacterThirdPersonAI using Guid(c3ed31e3b158a9e4994bd4c23c947afb) Importer(815301076,1909f56bfc062723c751e8b465ee728b)  -> (artifact id: '400561008ebb592a112ae8a344a8b9be') in 0.004684 seconds
  Import took 0.007234 seconds .

AssetImportWorkerClient::OnTransportError - code=2 error=End of file
